#
# A fatal error has been detected by the Java Runtime Environment:
#
#  Internal Error (../../src/hotspot/os/posix/os_posix.cpp:803), pid=10064, tid=25091
#  assert(ms < MILLIUNITS) failed: Un-interruptable sleep, short time use only
#
# JRE version: OpenJDK Runtime Environment (19.0) (fastdebug build 19-internal-adhoc.i560383.currentjdk)
# Java VM: OpenJDK 64-Bit Server VM (fastdebug 19-internal-adhoc.i560383.currentjdk, mixed mode, sharing, tiered, compressed oops, compressed class ptrs, g1 gc, bsd-aarch64)
# No core dump will be written. Core dumps have been disabled. To enable core dumping, try "ulimit -c unlimited" before starting Java again
#
# JFR recording file will be written. Location: /Users/I560383/code/tests/current_jdk/hs_err_pid10064.jfr
#
# If you would like to submit a bug report, please visit:
#   https://bugreport.java.com/bugreport/crash.jsp
#

---------------  S U M M A R Y ------------

Command Line: -XX:StartFlightRecording=filename=flight.jfr,jdk.ExecutionSample#period=9999999us --add-modules=ALL-DEFAULT jdk.compiler/com.sun.tools.javac.launcher.Main ../../async-profiler-sap/test/Target.java

Host: FVFFN48SQ05N, "MacBookPro17,1" arm64, 8 cores, 16G, Darwin 21.4.0, macOS 12.3 (21E230)
Time: Mon Apr 11 18:40:10 2022 CEST elapsed time: 0.715025 seconds (0d 0h 0m 0s)

---------------  T H R E A D  ---------------

Current thread (0x0000000127f09120):  JfrThreadSampler "JFR Thread Sampler" [stack: 0x00000001720f8000,0x00000001722fb000] [id=25091]

Stack: [0x00000001720f8000,0x00000001722fb000],  sp=0x00000001722fae10,  free space=2059k
Native frames: (J=compiled Java code, j=interpreted, Vv=VM code, C=native code)
V  [libjvm.dylib+0x121c6a0]  VMError::report_and_die(int, char const*, char const*, char*, Thread*, unsigned char*, void*, void*, char const*, int, unsigned long)+0x608
V  [libjvm.dylib+0x121cde0]  VMError::report_and_die(Thread*, void*, char const*, int, char const*, char const*, char*)+0x40
V  [libjvm.dylib+0x5de794]  report_vm_error(char const*, int, char const*, char const*, ...)+0x94
V  [libjvm.dylib+0xe439fc]  os::naked_short_sleep(long)+0x3c
V  [libjvm.dylib+0x979bb4]  JfrThreadSampler::run()+0x10c
V  [libjvm.dylib+0x116c118]  Thread::call_run()+0x220
V  [libjvm.dylib+0xe3c0c8]  thread_native_entry(Thread*)+0x160
C  [libsystem_pthread.dylib+0x726c]  _pthread_start+0x94


---------------  P R O C E S S  ---------------

uid  : 3560383 euid : 3560383 gid  : 20 egid : 20

umask: 0022 (----w--w-)

Threads class SMR info:
_java_thread_list=0x00006000007d41d0, length=12, elements={
0x000000014880bc10, 0x0000000148051c10, 0x0000000148054a10, 0x0000000148052e10,
0x0000000148057610, 0x0000000148058210, 0x0000000148058e10, 0x000000014805ac10,
0x000000014805ba10, 0x0000000148065210, 0x0000000148880010, 0x000000014480b410
}
_java_thread_list_alloc_cnt=13, _java_thread_list_free_cnt=11, _java_thread_list_max=12, _nested_thread_list_max=0
_tlh_cnt=100, _tlh_times=0, avg_tlh_time=0.00, _tlh_time_max=0
_delete_lock_wait_cnt=0, _delete_lock_wait_max=0
_to_delete_list_cnt=0, _to_delete_list_max=1

Java Threads: ( => current thread )
  0x000000014880bc10 JavaThread "main" [_thread_blocked, id=5891, stack(0x000000016fb08000,0x000000016fd0b000)]
  0x0000000148051c10 JavaThread "Reference Handler" daemon [_thread_blocked, id=15875, stack(0x000000017095c000,0x0000000170b5f000)]
  0x0000000148054a10 JavaThread "Finalizer" daemon [_thread_blocked, id=15363, stack(0x0000000170b68000,0x0000000170d6b000)]
  0x0000000148052e10 JavaThread "Signal Dispatcher" daemon [_thread_blocked, id=23043, stack(0x0000000170e8c000,0x000000017108f000)]
  0x0000000148057610 JavaThread "Service Thread" daemon [_thread_blocked, id=42243, stack(0x0000000171098000,0x000000017129b000)]
  0x0000000148058210 JavaThread "Monitor Deflation Thread" daemon [_thread_blocked, id=23555, stack(0x00000001712a4000,0x00000001714a7000)]
  0x0000000148058e10 JavaThread "C2 CompilerThread0" daemon [_thread_in_native, id=41987, stack(0x00000001714b0000,0x00000001716b3000)]
  0x000000014805ac10 JavaThread "C1 CompilerThread0" daemon [_thread_in_native, id=41731, stack(0x00000001716bc000,0x00000001718bf000)]
  0x000000014805ba10 JavaThread "Sweeper thread" daemon [_thread_blocked, id=41475, stack(0x00000001718c8000,0x0000000171acb000)]
  0x0000000148065210 JavaThread "Common-Cleaner" daemon [_thread_blocked, id=41219, stack(0x0000000171ad4000,0x0000000171cd7000)]
  0x0000000148880010 JavaThread "JFR Recorder Thread" daemon [_thread_in_native, id=24835, stack(0x0000000171ce0000,0x0000000171ee3000)]
  0x000000014480b410 JavaThread "JFR Periodic Tasks" daemon [_thread_blocked, id=40451, stack(0x0000000171eec000,0x00000001720ef000)]

Other Threads:
  0x0000000147e0bd50 VMThread "VM Thread" [stack: 0x0000000170750000,0x0000000170953000] [id=14083]
  0x0000000147e34340 WatcherThread "VM Periodic Task Thread" [stack: 0x0000000172510000,0x0000000172713000] [id=39427]
  0x0000000147e07e40 WorkerThread "GC Thread#0" [stack: 0x000000016fd14000,0x000000016ff17000] [id=12291]
  0x0000000147f05010 ConcurrentGCThread "G1 Main Marker" [stack: 0x000000016ff20000,0x0000000170123000] [id=19715]
  0x0000000147e08540 WorkerThread "G1 Conc#0" [stack: 0x000000017012c000,0x000000017032f000] [id=13059]
  0x0000000147f06ed0 ConcurrentGCThread "G1 Refine#0" [stack: 0x0000000170338000,0x000000017053b000] [id=18691]
  0x0000000147f07690 ConcurrentGCThread "G1 Service" [stack: 0x0000000170544000,0x0000000170747000] [id=13827]

=>0x0000000127f09120 (exited) JfrThreadSampler "JFR Thread Sampler" [stack: 0x00000001720f8000,0x00000001722fb000] [id=25091]

Threads with active compile tasks:
C2 CompilerThread0      722 1015       4       java.util.HashSet::contains (9 bytes)
C1 CompilerThread0      722  795       3       jdk.internal.org.objectweb.asm.ClassReader::readCode (5109 bytes)

VM state: not at safepoint (normal execution)

VM Mutex/Monitor currently owned by a thread: None

Heap address: 0x0000000700000000, size: 4096 MB, Compressed Oops mode: Zero based, Oop shift amount: 3

CDS archive(s) mapped at: [0x0000000800000000-0x0000000800c3c000-0x0000000800c3c000), size 12828672, SharedBaseAddress: 0x0000000800000000, ArchiveRelocationMode: 0.
Compressed class space mapped at: 0x0000000801000000-0x0000000841000000, reserved size: 1073741824
Narrow klass base: 0x0000000800000000, Narrow klass shift: 0, Narrow klass range: 0x100000000

GC Precious Log:
 CardTable entry size: 512
 Card Set container configuration: InlinePtr #cards 4 size 8 Array Of Cards #cards 16 size 48 Howl #buckets 8 coarsen threshold 3686 Howl Bitmap #cards 512 size 80 coarsen threshold 460 Card regions per heap region 1 cards per card region 4096
 CPUs: 8 total, 8 available
 Memory: 16384M
 Large Page Support: Disabled
 NUMA Support: Disabled
 Compressed Oops: Enabled (Zero based)
 Heap Region Size: 2M
 Heap Min Capacity: 8M
 Heap Initial Capacity: 256M
 Heap Max Capacity: 4G
 Pre-touch: Disabled
 Parallel Workers: 8
 Concurrent Workers: 2
 Concurrent Refinement Workers: 8
 Periodic GC: Disabled

Heap:
 garbage-first heap   total 266240K, used 22480K [0x0000000700000000, 0x0000000800000000)
  region size 2048K, 11 young (22528K), 0 survivors (0K)
 Metaspace       used 3665K, committed 3840K, reserved 1114112K
  class space    used 381K, committed 448K, reserved 1048576K

Heap Regions: E=young(eden), S=young(survivor), O=old, HS=humongous(starts), HC=humongous(continues), CS=collection set, F=free, OA=open archive, CA=closed archive, TAMS=top-at-mark-start (previous, next)
|   0|0x0000000700000000, 0x0000000700000000, 0x0000000700200000|  0%| F|  |TAMS 0x0000000700000000, 0x0000000700000000| Untracked 
|   1|0x0000000700200000, 0x0000000700200000, 0x0000000700400000|  0%| F|  |TAMS 0x0000000700200000, 0x0000000700200000| Untracked 
|   2|0x0000000700400000, 0x0000000700400000, 0x0000000700600000|  0%| F|  |TAMS 0x0000000700400000, 0x0000000700400000| Untracked 
|   3|0x0000000700600000, 0x0000000700600000, 0x0000000700800000|  0%| F|  |TAMS 0x0000000700600000, 0x0000000700600000| Untracked 
|   4|0x0000000700800000, 0x0000000700800000, 0x0000000700a00000|  0%| F|  |TAMS 0x0000000700800000, 0x0000000700800000| Untracked 
|   5|0x0000000700a00000, 0x0000000700a00000, 0x0000000700c00000|  0%| F|  |TAMS 0x0000000700a00000, 0x0000000700a00000| Untracked 
|   6|0x0000000700c00000, 0x0000000700c00000, 0x0000000700e00000|  0%| F|  |TAMS 0x0000000700c00000, 0x0000000700c00000| Untracked 
|   7|0x0000000700e00000, 0x0000000700e00000, 0x0000000701000000|  0%| F|  |TAMS 0x0000000700e00000, 0x0000000700e00000| Untracked 
|   8|0x0000000701000000, 0x0000000701000000, 0x0000000701200000|  0%| F|  |TAMS 0x0000000701000000, 0x0000000701000000| Untracked 
|   9|0x0000000701200000, 0x0000000701200000, 0x0000000701400000|  0%| F|  |TAMS 0x0000000701200000, 0x0000000701200000| Untracked 
|  10|0x0000000701400000, 0x0000000701400000, 0x0000000701600000|  0%| F|  |TAMS 0x0000000701400000, 0x0000000701400000| Untracked 
|  11|0x0000000701600000, 0x0000000701600000, 0x0000000701800000|  0%| F|  |TAMS 0x0000000701600000, 0x0000000701600000| Untracked 
|  12|0x0000000701800000, 0x0000000701800000, 0x0000000701a00000|  0%| F|  |TAMS 0x0000000701800000, 0x0000000701800000| Untracked 
|  13|0x0000000701a00000, 0x0000000701a00000, 0x0000000701c00000|  0%| F|  |TAMS 0x0000000701a00000, 0x0000000701a00000| Untracked 
|  14|0x0000000701c00000, 0x0000000701c00000, 0x0000000701e00000|  0%| F|  |TAMS 0x0000000701c00000, 0x0000000701c00000| Untracked 
|  15|0x0000000701e00000, 0x0000000701e00000, 0x0000000702000000|  0%| F|  |TAMS 0x0000000701e00000, 0x0000000701e00000| Untracked 
|  16|0x0000000702000000, 0x0000000702000000, 0x0000000702200000|  0%| F|  |TAMS 0x0000000702000000, 0x0000000702000000| Untracked 
|  17|0x0000000702200000, 0x0000000702200000, 0x0000000702400000|  0%| F|  |TAMS 0x0000000702200000, 0x0000000702200000| Untracked 
|  18|0x0000000702400000, 0x0000000702400000, 0x0000000702600000|  0%| F|  |TAMS 0x0000000702400000, 0x0000000702400000| Untracked 
|  19|0x0000000702600000, 0x0000000702600000, 0x0000000702800000|  0%| F|  |TAMS 0x0000000702600000, 0x0000000702600000| Untracked 
|  20|0x0000000702800000, 0x0000000702800000, 0x0000000702a00000|  0%| F|  |TAMS 0x0000000702800000, 0x0000000702800000| Untracked 
|  21|0x0000000702a00000, 0x0000000702a00000, 0x0000000702c00000|  0%| F|  |TAMS 0x0000000702a00000, 0x0000000702a00000| Untracked 
|  22|0x0000000702c00000, 0x0000000702c00000, 0x0000000702e00000|  0%| F|  |TAMS 0x0000000702c00000, 0x0000000702c00000| Untracked 
|  23|0x0000000702e00000, 0x0000000702e00000, 0x0000000703000000|  0%| F|  |TAMS 0x0000000702e00000, 0x0000000702e00000| Untracked 
|  24|0x0000000703000000, 0x0000000703000000, 0x0000000703200000|  0%| F|  |TAMS 0x0000000703000000, 0x0000000703000000| Untracked 
|  25|0x0000000703200000, 0x0000000703200000, 0x0000000703400000|  0%| F|  |TAMS 0x0000000703200000, 0x0000000703200000| Untracked 
|  26|0x0000000703400000, 0x0000000703400000, 0x0000000703600000|  0%| F|  |TAMS 0x0000000703400000, 0x0000000703400000| Untracked 
|  27|0x0000000703600000, 0x0000000703600000, 0x0000000703800000|  0%| F|  |TAMS 0x0000000703600000, 0x0000000703600000| Untracked 
|  28|0x0000000703800000, 0x0000000703800000, 0x0000000703a00000|  0%| F|  |TAMS 0x0000000703800000, 0x0000000703800000| Untracked 
|  29|0x0000000703a00000, 0x0000000703a00000, 0x0000000703c00000|  0%| F|  |TAMS 0x0000000703a00000, 0x0000000703a00000| Untracked 
|  30|0x0000000703c00000, 0x0000000703c00000, 0x0000000703e00000|  0%| F|  |TAMS 0x0000000703c00000, 0x0000000703c00000| Untracked 
|  31|0x0000000703e00000, 0x0000000703e00000, 0x0000000704000000|  0%| F|  |TAMS 0x0000000703e00000, 0x0000000703e00000| Untracked 
|  32|0x0000000704000000, 0x0000000704000000, 0x0000000704200000|  0%| F|  |TAMS 0x0000000704000000, 0x0000000704000000| Untracked 
|  33|0x0000000704200000, 0x0000000704200000, 0x0000000704400000|  0%| F|  |TAMS 0x0000000704200000, 0x0000000704200000| Untracked 
|  34|0x0000000704400000, 0x0000000704400000, 0x0000000704600000|  0%| F|  |TAMS 0x0000000704400000, 0x0000000704400000| Untracked 
|  35|0x0000000704600000, 0x0000000704600000, 0x0000000704800000|  0%| F|  |TAMS 0x0000000704600000, 0x0000000704600000| Untracked 
|  36|0x0000000704800000, 0x0000000704800000, 0x0000000704a00000|  0%| F|  |TAMS 0x0000000704800000, 0x0000000704800000| Untracked 
|  37|0x0000000704a00000, 0x0000000704a00000, 0x0000000704c00000|  0%| F|  |TAMS 0x0000000704a00000, 0x0000000704a00000| Untracked 
|  38|0x0000000704c00000, 0x0000000704c00000, 0x0000000704e00000|  0%| F|  |TAMS 0x0000000704c00000, 0x0000000704c00000| Untracked 
|  39|0x0000000704e00000, 0x0000000704e00000, 0x0000000705000000|  0%| F|  |TAMS 0x0000000704e00000, 0x0000000704e00000| Untracked 
|  40|0x0000000705000000, 0x0000000705000000, 0x0000000705200000|  0%| F|  |TAMS 0x0000000705000000, 0x0000000705000000| Untracked 
|  41|0x0000000705200000, 0x0000000705200000, 0x0000000705400000|  0%| F|  |TAMS 0x0000000705200000, 0x0000000705200000| Untracked 
|  42|0x0000000705400000, 0x0000000705400000, 0x0000000705600000|  0%| F|  |TAMS 0x0000000705400000, 0x0000000705400000| Untracked 
|  43|0x0000000705600000, 0x0000000705600000, 0x0000000705800000|  0%| F|  |TAMS 0x0000000705600000, 0x0000000705600000| Untracked 
|  44|0x0000000705800000, 0x0000000705800000, 0x0000000705a00000|  0%| F|  |TAMS 0x0000000705800000, 0x0000000705800000| Untracked 
|  45|0x0000000705a00000, 0x0000000705a00000, 0x0000000705c00000|  0%| F|  |TAMS 0x0000000705a00000, 0x0000000705a00000| Untracked 
|  46|0x0000000705c00000, 0x0000000705c00000, 0x0000000705e00000|  0%| F|  |TAMS 0x0000000705c00000, 0x0000000705c00000| Untracked 
|  47|0x0000000705e00000, 0x0000000705e00000, 0x0000000706000000|  0%| F|  |TAMS 0x0000000705e00000, 0x0000000705e00000| Untracked 
|  48|0x0000000706000000, 0x0000000706000000, 0x0000000706200000|  0%| F|  |TAMS 0x0000000706000000, 0x0000000706000000| Untracked 
|  49|0x0000000706200000, 0x0000000706200000, 0x0000000706400000|  0%| F|  |TAMS 0x0000000706200000, 0x0000000706200000| Untracked 
|  50|0x0000000706400000, 0x0000000706400000, 0x0000000706600000|  0%| F|  |TAMS 0x0000000706400000, 0x0000000706400000| Untracked 
|  51|0x0000000706600000, 0x0000000706600000, 0x0000000706800000|  0%| F|  |TAMS 0x0000000706600000, 0x0000000706600000| Untracked 
|  52|0x0000000706800000, 0x0000000706800000, 0x0000000706a00000|  0%| F|  |TAMS 0x0000000706800000, 0x0000000706800000| Untracked 
|  53|0x0000000706a00000, 0x0000000706a00000, 0x0000000706c00000|  0%| F|  |TAMS 0x0000000706a00000, 0x0000000706a00000| Untracked 
|  54|0x0000000706c00000, 0x0000000706c00000, 0x0000000706e00000|  0%| F|  |TAMS 0x0000000706c00000, 0x0000000706c00000| Untracked 
|  55|0x0000000706e00000, 0x0000000706e00000, 0x0000000707000000|  0%| F|  |TAMS 0x0000000706e00000, 0x0000000706e00000| Untracked 
|  56|0x0000000707000000, 0x0000000707000000, 0x0000000707200000|  0%| F|  |TAMS 0x0000000707000000, 0x0000000707000000| Untracked 
|  57|0x0000000707200000, 0x0000000707200000, 0x0000000707400000|  0%| F|  |TAMS 0x0000000707200000, 0x0000000707200000| Untracked 
|  58|0x0000000707400000, 0x0000000707400000, 0x0000000707600000|  0%| F|  |TAMS 0x0000000707400000, 0x0000000707400000| Untracked 
|  59|0x0000000707600000, 0x0000000707600000, 0x0000000707800000|  0%| F|  |TAMS 0x0000000707600000, 0x0000000707600000| Untracked 
|  60|0x0000000707800000, 0x0000000707800000, 0x0000000707a00000|  0%| F|  |TAMS 0x0000000707800000, 0x0000000707800000| Untracked 
|  61|0x0000000707a00000, 0x0000000707a00000, 0x0000000707c00000|  0%| F|  |TAMS 0x0000000707a00000, 0x0000000707a00000| Untracked 
|  62|0x0000000707c00000, 0x0000000707c00000, 0x0000000707e00000|  0%| F|  |TAMS 0x0000000707c00000, 0x0000000707c00000| Untracked 
|  63|0x0000000707e00000, 0x0000000707e00000, 0x0000000708000000|  0%| F|  |TAMS 0x0000000707e00000, 0x0000000707e00000| Untracked 
|  64|0x0000000708000000, 0x0000000708000000, 0x0000000708200000|  0%| F|  |TAMS 0x0000000708000000, 0x0000000708000000| Untracked 
|  65|0x0000000708200000, 0x0000000708200000, 0x0000000708400000|  0%| F|  |TAMS 0x0000000708200000, 0x0000000708200000| Untracked 
|  66|0x0000000708400000, 0x0000000708400000, 0x0000000708600000|  0%| F|  |TAMS 0x0000000708400000, 0x0000000708400000| Untracked 
|  67|0x0000000708600000, 0x0000000708600000, 0x0000000708800000|  0%| F|  |TAMS 0x0000000708600000, 0x0000000708600000| Untracked 
|  68|0x0000000708800000, 0x0000000708800000, 0x0000000708a00000|  0%| F|  |TAMS 0x0000000708800000, 0x0000000708800000| Untracked 
|  69|0x0000000708a00000, 0x0000000708a00000, 0x0000000708c00000|  0%| F|  |TAMS 0x0000000708a00000, 0x0000000708a00000| Untracked 
|  70|0x0000000708c00000, 0x0000000708c00000, 0x0000000708e00000|  0%| F|  |TAMS 0x0000000708c00000, 0x0000000708c00000| Untracked 
|  71|0x0000000708e00000, 0x0000000708e00000, 0x0000000709000000|  0%| F|  |TAMS 0x0000000708e00000, 0x0000000708e00000| Untracked 
|  72|0x0000000709000000, 0x0000000709000000, 0x0000000709200000|  0%| F|  |TAMS 0x0000000709000000, 0x0000000709000000| Untracked 
|  73|0x0000000709200000, 0x0000000709200000, 0x0000000709400000|  0%| F|  |TAMS 0x0000000709200000, 0x0000000709200000| Untracked 
|  74|0x0000000709400000, 0x0000000709400000, 0x0000000709600000|  0%| F|  |TAMS 0x0000000709400000, 0x0000000709400000| Untracked 
|  75|0x0000000709600000, 0x0000000709600000, 0x0000000709800000|  0%| F|  |TAMS 0x0000000709600000, 0x0000000709600000| Untracked 
|  76|0x0000000709800000, 0x0000000709800000, 0x0000000709a00000|  0%| F|  |TAMS 0x0000000709800000, 0x0000000709800000| Untracked 
|  77|0x0000000709a00000, 0x0000000709a00000, 0x0000000709c00000|  0%| F|  |TAMS 0x0000000709a00000, 0x0000000709a00000| Untracked 
|  78|0x0000000709c00000, 0x0000000709c00000, 0x0000000709e00000|  0%| F|  |TAMS 0x0000000709c00000, 0x0000000709c00000| Untracked 
|  79|0x0000000709e00000, 0x0000000709e00000, 0x000000070a000000|  0%| F|  |TAMS 0x0000000709e00000, 0x0000000709e00000| Untracked 
|  80|0x000000070a000000, 0x000000070a000000, 0x000000070a200000|  0%| F|  |TAMS 0x000000070a000000, 0x000000070a000000| Untracked 
|  81|0x000000070a200000, 0x000000070a200000, 0x000000070a400000|  0%| F|  |TAMS 0x000000070a200000, 0x000000070a200000| Untracked 
|  82|0x000000070a400000, 0x000000070a400000, 0x000000070a600000|  0%| F|  |TAMS 0x000000070a400000, 0x000000070a400000| Untracked 
|  83|0x000000070a600000, 0x000000070a600000, 0x000000070a800000|  0%| F|  |TAMS 0x000000070a600000, 0x000000070a600000| Untracked 
|  84|0x000000070a800000, 0x000000070a800000, 0x000000070aa00000|  0%| F|  |TAMS 0x000000070a800000, 0x000000070a800000| Untracked 
|  85|0x000000070aa00000, 0x000000070aa00000, 0x000000070ac00000|  0%| F|  |TAMS 0x000000070aa00000, 0x000000070aa00000| Untracked 
|  86|0x000000070ac00000, 0x000000070ac00000, 0x000000070ae00000|  0%| F|  |TAMS 0x000000070ac00000, 0x000000070ac00000| Untracked 
|  87|0x000000070ae00000, 0x000000070ae00000, 0x000000070b000000|  0%| F|  |TAMS 0x000000070ae00000, 0x000000070ae00000| Untracked 
|  88|0x000000070b000000, 0x000000070b000000, 0x000000070b200000|  0%| F|  |TAMS 0x000000070b000000, 0x000000070b000000| Untracked 
|  89|0x000000070b200000, 0x000000070b200000, 0x000000070b400000|  0%| F|  |TAMS 0x000000070b200000, 0x000000070b200000| Untracked 
|  90|0x000000070b400000, 0x000000070b400000, 0x000000070b600000|  0%| F|  |TAMS 0x000000070b400000, 0x000000070b400000| Untracked 
|  91|0x000000070b600000, 0x000000070b600000, 0x000000070b800000|  0%| F|  |TAMS 0x000000070b600000, 0x000000070b600000| Untracked 
|  92|0x000000070b800000, 0x000000070b800000, 0x000000070ba00000|  0%| F|  |TAMS 0x000000070b800000, 0x000000070b800000| Untracked 
|  93|0x000000070ba00000, 0x000000070ba00000, 0x000000070bc00000|  0%| F|  |TAMS 0x000000070ba00000, 0x000000070ba00000| Untracked 
|  94|0x000000070bc00000, 0x000000070bc00000, 0x000000070be00000|  0%| F|  |TAMS 0x000000070bc00000, 0x000000070bc00000| Untracked 
|  95|0x000000070be00000, 0x000000070be00000, 0x000000070c000000|  0%| F|  |TAMS 0x000000070be00000, 0x000000070be00000| Untracked 
|  96|0x000000070c000000, 0x000000070c000000, 0x000000070c200000|  0%| F|  |TAMS 0x000000070c000000, 0x000000070c000000| Untracked 
|  97|0x000000070c200000, 0x000000070c200000, 0x000000070c400000|  0%| F|  |TAMS 0x000000070c200000, 0x000000070c200000| Untracked 
|  98|0x000000070c400000, 0x000000070c400000, 0x000000070c600000|  0%| F|  |TAMS 0x000000070c400000, 0x000000070c400000| Untracked 
|  99|0x000000070c600000, 0x000000070c600000, 0x000000070c800000|  0%| F|  |TAMS 0x000000070c600000, 0x000000070c600000| Untracked 
| 100|0x000000070c800000, 0x000000070c800000, 0x000000070ca00000|  0%| F|  |TAMS 0x000000070c800000, 0x000000070c800000| Untracked 
| 101|0x000000070ca00000, 0x000000070ca00000, 0x000000070cc00000|  0%| F|  |TAMS 0x000000070ca00000, 0x000000070ca00000| Untracked 
| 102|0x000000070cc00000, 0x000000070cc00000, 0x000000070ce00000|  0%| F|  |TAMS 0x000000070cc00000, 0x000000070cc00000| Untracked 
| 103|0x000000070ce00000, 0x000000070ce00000, 0x000000070d000000|  0%| F|  |TAMS 0x000000070ce00000, 0x000000070ce00000| Untracked 
| 104|0x000000070d000000, 0x000000070d000000, 0x000000070d200000|  0%| F|  |TAMS 0x000000070d000000, 0x000000070d000000| Untracked 
| 105|0x000000070d200000, 0x000000070d200000, 0x000000070d400000|  0%| F|  |TAMS 0x000000070d200000, 0x000000070d200000| Untracked 
| 106|0x000000070d400000, 0x000000070d400000, 0x000000070d600000|  0%| F|  |TAMS 0x000000070d400000, 0x000000070d400000| Untracked 
| 107|0x000000070d600000, 0x000000070d600000, 0x000000070d800000|  0%| F|  |TAMS 0x000000070d600000, 0x000000070d600000| Untracked 
| 108|0x000000070d800000, 0x000000070d800000, 0x000000070da00000|  0%| F|  |TAMS 0x000000070d800000, 0x000000070d800000| Untracked 
| 109|0x000000070da00000, 0x000000070da00000, 0x000000070dc00000|  0%| F|  |TAMS 0x000000070da00000, 0x000000070da00000| Untracked 
| 110|0x000000070dc00000, 0x000000070dc00000, 0x000000070de00000|  0%| F|  |TAMS 0x000000070dc00000, 0x000000070dc00000| Untracked 
| 111|0x000000070de00000, 0x000000070de00000, 0x000000070e000000|  0%| F|  |TAMS 0x000000070de00000, 0x000000070de00000| Untracked 
| 112|0x000000070e000000, 0x000000070e000000, 0x000000070e200000|  0%| F|  |TAMS 0x000000070e000000, 0x000000070e000000| Untracked 
| 113|0x000000070e200000, 0x000000070e200000, 0x000000070e400000|  0%| F|  |TAMS 0x000000070e200000, 0x000000070e200000| Untracked 
| 114|0x000000070e400000, 0x000000070e400000, 0x000000070e600000|  0%| F|  |TAMS 0x000000070e400000, 0x000000070e400000| Untracked 
| 115|0x000000070e600000, 0x000000070e600000, 0x000000070e800000|  0%| F|  |TAMS 0x000000070e600000, 0x000000070e600000| Untracked 
| 116|0x000000070e800000, 0x000000070e800000, 0x000000070ea00000|  0%| F|  |TAMS 0x000000070e800000, 0x000000070e800000| Untracked 
| 117|0x000000070ea00000, 0x000000070eae1cb8, 0x000000070ec00000| 44%| E|  |TAMS 0x000000070ea00000, 0x000000070ea00000| Complete 
| 118|0x000000070ec00000, 0x000000070ee00000, 0x000000070ee00000|100%| E|CS|TAMS 0x000000070ec00000, 0x000000070ec00000| Complete 
| 119|0x000000070ee00000, 0x000000070f000000, 0x000000070f000000|100%| E|CS|TAMS 0x000000070ee00000, 0x000000070ee00000| Complete 
| 120|0x000000070f000000, 0x000000070f200000, 0x000000070f200000|100%| E|CS|TAMS 0x000000070f000000, 0x000000070f000000| Complete 
| 121|0x000000070f200000, 0x000000070f400000, 0x000000070f400000|100%| E|CS|TAMS 0x000000070f200000, 0x000000070f200000| Complete 
| 122|0x000000070f400000, 0x000000070f600000, 0x000000070f600000|100%| E|CS|TAMS 0x000000070f400000, 0x000000070f400000| Complete 
| 123|0x000000070f600000, 0x000000070f800000, 0x000000070f800000|100%| E|CS|TAMS 0x000000070f600000, 0x000000070f600000| Complete 
| 124|0x000000070f800000, 0x000000070fa00000, 0x000000070fa00000|100%| E|CS|TAMS 0x000000070f800000, 0x000000070f800000| Complete 
| 125|0x000000070fa00000, 0x000000070fc00000, 0x000000070fc00000|100%| E|CS|TAMS 0x000000070fa00000, 0x000000070fa00000| Complete 
| 126|0x000000070fc00000, 0x000000070fe00000, 0x000000070fe00000|100%| E|CS|TAMS 0x000000070fc00000, 0x000000070fc00000| Complete 
| 127|0x000000070fe00000, 0x0000000710000000, 0x0000000710000000|100%| E|CS|TAMS 0x000000070fe00000, 0x000000070fe00000| Complete 
|2046|0x00000007ffc00000, 0x00000007ffd78000, 0x00000007ffe00000| 73%|OA|  |TAMS 0x00000007ffc00000, 0x00000007ffc00000| Untracked 
|2047|0x00000007ffe00000, 0x00000007ffe7c000, 0x0000000800000000| 24%|CA|  |TAMS 0x00000007ffe00000, 0x00000007ffe00000| Untracked 

Card table byte_map: [0x0000000101084000,0x0000000101884000] _byte_map_base: 0x00000000fd884000

Marking Bits (Prev, Next): (CMBitMap*) 0x000000014880c828, (CMBitMap*) 0x000000014880c868
 Prev Bits: [0x000000011ade8000, 0x000000011ede8000)
 Next Bits: [0x000000011ede8000, 0x0000000122de8000)

Polling page: 0x0000000100500000

Metaspace:

Usage:
  Non-class:      3.21 MB used.
      Class:    382.82 KB used.
       Both:      3.59 MB used.

Virtual space:
  Non-class space:       64.00 MB reserved,       3.31 MB (  5%) committed,  1 nodes.
      Class space:        1.00 GB reserved,     448.00 KB ( <1%) committed,  1 nodes.
             Both:        1.06 GB reserved,       3.75 MB ( <1%) committed. 

Chunk freelists:
   Non-Class:  3.93 MB
       Class:  3.59 MB
        Both:  7.52 MB

MaxMetaspaceSize: unlimited
CompressedClassSpaceSize: 1.00 GB
Initial GC threshold: 21.00 MB
Current GC threshold: 21.00 MB
CDS: on
MetaspaceReclaimPolicy: balanced
 - commit_granule_bytes: 65536.
 - commit_granule_words: 8192.
 - virtual_space_node_default_size: 8388608.
 - enlarge_chunks_in_place: 1.
 - new_chunks_are_fully_committed: 0.
 - uncommit_free_chunks: 1.
 - use_allocation_guard: 0.


Internal statistics:

num_allocs: 22152.
num_deallocs: 799.
num_allocs_from_deallocated_blocks: 821.
num_chunks_retired: 3.
num_allocs_failed_limit: 0.
num_arena_births: 70.
num_arena_deaths: 0.
num_vsnodes_births: 2.
num_vsnodes_deaths: 0.
num_space_committed: 60.
num_space_uncommitted: 0.
num_chunks_returned_to_freelist: 0.
num_chunks_taken_from_freelist: 74.
num_chunk_merges: 0.
num_chunk_splits: 53.
num_chunks_enlarged: 68.
num_inconsistent_stats: 0.

CodeHeap 'non-profiled nmethods': size=120032Kb used=481Kb max_used=481Kb free=119551Kb
 bounds [0x00000001138b0000, 0x0000000113b20000, 0x000000011ade8000]
CodeHeap 'profiled nmethods': size=120016Kb used=1552Kb max_used=1552Kb free=118463Kb
 bounds [0x000000010bde8000, 0x000000010c058000, 0x000000011331c000]
CodeHeap 'non-nmethods': size=5712Kb used=1578Kb max_used=1611Kb free=4133Kb
 bounds [0x000000011331c000, 0x000000011358c000, 0x00000001138b0000]
 total_blobs=1667 nmethods=860 adapters=732
 compilation: enabled
              stopped_count=0, restarted_count=0
 full_count=0

Compilation events (20 events):
Event: 0.646 Thread 0x0000000148058e10 nmethod 852 0x000000011391cc10 code [0x000000011391ce00, 0x000000011391d130]
Event: 0.646 Thread 0x0000000148058e10  907       4       java.lang.invoke.MethodType::parameterCount (6 bytes)
Event: 0.646 Thread 0x0000000148058e10 nmethod 907 0x000000011391d410 code [0x000000011391d5c0, 0x000000011391d6b0]
Event: 0.646 Thread 0x0000000148058e10  820       4       jdk.internal.org.objectweb.asm.ClassReader::readInt (52 bytes)
Event: 0.647 Thread 0x0000000148058e10 nmethod 820 0x000000011391db90 code [0x000000011391dd40, 0x000000011391ded0]
Event: 0.647 Thread 0x0000000148058e10  890       4       jdk.jfr.internal.JVM::getJVM (4 bytes)
Event: 0.647 Thread 0x0000000148058e10 nmethod 890 0x000000011391e090 code [0x000000011391e240, 0x000000011391e2e0]
Event: 0.647 Thread 0x0000000148058e10  949       4       java.lang.invoke.MemberName::getReferenceKind (12 bytes)
Event: 0.647 Thread 0x0000000148058e10 nmethod 949 0x000000011391e390 code [0x000000011391e540, 0x000000011391e620]
Event: 0.650 Thread 0x0000000148058e10 1001       4       java.util.HashSet::add (20 bytes)
Event: 0.672 Thread 0x0000000148058e10 nmethod 1001 0x000000011391e690 code [0x000000011391e9c0, 0x0000000113920070]
Event: 0.672 Thread 0x0000000148058e10 1003       4       java.util.HashMap::resize (356 bytes)
Event: 0.692 Thread 0x0000000148058e10 nmethod 1003 0x0000000113921390 code [0x0000000113921600, 0x0000000113922350]
Event: 0.692 Thread 0x0000000148058e10 1011       4       java.util.HashMap::getNode (150 bytes)
Event: 0.700 Thread 0x0000000148058e10 nmethod 1011 0x0000000113922f10 code [0x0000000113923140, 0x0000000113923790]
Event: 0.700 Thread 0x0000000148058e10 1012       4       java.util.LinkedHashMap::get (29 bytes)
Event: 0.705 Thread 0x0000000148058e10 nmethod 1012 0x0000000113924010 code [0x0000000113924240, 0x00000001139248e0]
Event: 0.706 Thread 0x0000000148058e10 1016       4       java.util.HashMap::containsKey (14 bytes)
Event: 0.711 Thread 0x0000000148058e10 nmethod 1016 0x0000000113925210 code [0x0000000113925440, 0x0000000113925a90]
Event: 0.711 Thread 0x0000000148058e10 1014       4       java.lang.Long::hashCode (8 bytes)

GC Heap History (0 events):
No events

Deoptimization events (20 events):
Event: 0.527 Thread 0x000000014880bc10 DEOPT PACKING pc=0x000000011390148c sp=0x000000016fd083a0
Event: 0.527 Thread 0x000000014880bc10 DEOPT UNPACKING pc=0x00000001133f9f40 sp=0x000000016fd08320 mode 2
Event: 0.529 Thread 0x000000014880bc10 Uncommon trap: trap_request=0xffffff45 fr.pc=0x00000001138eaf38 relative=0x0000000000000338
Event: 0.529 Thread 0x000000014880bc10 Uncommon trap: reason=unstable_if action=reinterpret pc=0x00000001138eaf38 method=jdk.internal.org.objectweb.asm.SymbolTable.put(Ljdk/internal/org/objectweb/asm/SymbolTable$Entry;)Ljdk/internal/org/objectweb/asm/SymbolTable$Entry; @ 13 c2
Event: 0.529 Thread 0x000000014880bc10 DEOPT PACKING pc=0x00000001138eaf38 sp=0x000000016fd081b0
Event: 0.529 Thread 0x000000014880bc10 DEOPT UNPACKING pc=0x00000001133f9f40 sp=0x000000016fd08100 mode 2
Event: 0.529 Thread 0x000000014880bc10 DEOPT PACKING pc=0x000000010bf03720 sp=0x000000016fd080f0
Event: 0.529 Thread 0x000000014880bc10 DEOPT UNPACKING pc=0x00000001133f9ce0 sp=0x000000016fd07e00 mode 3
Event: 0.540 Thread 0x000000014880bc10 Uncommon trap: trap_request=0xffffff45 fr.pc=0x00000001138dc9e4 relative=0x0000000000000a24
Event: 0.540 Thread 0x000000014880bc10 Uncommon trap: reason=unstable_if action=reinterpret pc=0x00000001138dc9e4 method=jdk.internal.org.objectweb.asm.SymbolTable.put(Ljdk/internal/org/objectweb/asm/SymbolTable$Entry;)Ljdk/internal/org/objectweb/asm/SymbolTable$Entry; @ 13 c2
Event: 0.540 Thread 0x000000014880bc10 DEOPT PACKING pc=0x00000001138dc9e4 sp=0x000000016fd08170
Event: 0.540 Thread 0x000000014880bc10 DEOPT UNPACKING pc=0x00000001133f9f40 sp=0x000000016fd08060 mode 2
Event: 0.549 Thread 0x000000014880bc10 Uncommon trap: trap_request=0xffffff45 fr.pc=0x00000001139089ec relative=0x00000000000001ec
Event: 0.549 Thread 0x000000014880bc10 Uncommon trap: reason=unstable_if action=reinterpret pc=0x00000001139089ec method=jdk.internal.org.objectweb.asm.Frame.merge(Ljdk/internal/org/objectweb/asm/SymbolTable;I[II)Z @ 87 c2
Event: 0.549 Thread 0x000000014880bc10 DEOPT PACKING pc=0x00000001139089ec sp=0x000000016fd08270
Event: 0.549 Thread 0x000000014880bc10 DEOPT UNPACKING pc=0x00000001133f9f40 sp=0x000000016fd081c0 mode 2
Event: 0.593 Thread 0x000000014880bc10 Uncommon trap: trap_request=0xffffff45 fr.pc=0x00000001138b6e8c relative=0x00000000000000cc
Event: 0.593 Thread 0x000000014880bc10 Uncommon trap: reason=unstable_if action=reinterpret pc=0x00000001138b6e8c method=java.lang.String.hashCode()I @ 42 c2
Event: 0.593 Thread 0x000000014880bc10 DEOPT PACKING pc=0x00000001138b6e8c sp=0x000000016fd082c0
Event: 0.593 Thread 0x000000014880bc10 DEOPT UNPACKING pc=0x00000001133f9f40 sp=0x000000016fd08250 mode 2

Classes loaded (20 events):
Event: 0.627 Loading class java/util/ComparableTimSort
Event: 0.628 Loading class java/util/ComparableTimSort done
Event: 0.628 Loading class jdk/jfr/internal/MetadataDescriptor
Event: 0.628 Loading class jdk/jfr/internal/MetadataDescriptor done
Event: 0.628 Loading class jdk/jfr/internal/MetadataWriter
Event: 0.628 Loading class jdk/jfr/internal/MetadataWriter done
Event: 0.628 Loading class jdk/jfr/internal/MetadataDescriptor$Element
Event: 0.628 Loading class jdk/jfr/internal/MetadataDescriptor$Element done
Event: 0.629 Loading class jdk/jfr/internal/MetadataDescriptor$Attribute
Event: 0.629 Loading class jdk/jfr/internal/MetadataDescriptor$Attribute done
Event: 0.662 Loading class jdk/jfr/internal/consumer/StringParser$Encoding
Event: 0.662 Loading class jdk/jfr/internal/consumer/StringParser$Encoding done
Event: 0.700 Loading class jdk/jfr/internal/consumer/RepositoryFiles
Event: 0.701 Loading class jdk/jfr/internal/consumer/RepositoryFiles done
Event: 0.704 Loading class jdk/jfr/internal/SettingsManager$InternalSetting
Event: 0.704 Loading class jdk/jfr/internal/SettingsManager$InternalSetting done
Event: 0.708 Loading class java/util/concurrent/TimeUnit$1
Event: 0.709 Loading class java/util/concurrent/TimeUnit$1 done
Event: 0.710 Loading class jdk/jfr/internal/Utils$ThrottleUnit
Event: 0.710 Loading class jdk/jfr/internal/Utils$ThrottleUnit done

Classes unloaded (0 events):
No events

Classes redefined (9 events):
Event: 0.595 Thread 0x0000000147e0bd50 redefined class name=java.io.FileInputStream, count=1
Event: 0.595 Thread 0x0000000147e0bd50 redefined class name=java.io.FileOutputStream, count=1
Event: 0.595 Thread 0x0000000147e0bd50 redefined class name=java.io.RandomAccessFile, count=1
Event: 0.595 Thread 0x0000000147e0bd50 redefined class name=sun.nio.ch.FileChannelImpl, count=1
Event: 0.595 Thread 0x0000000147e0bd50 redefined class name=java.net.Socket$SocketInputStream, count=1
Event: 0.595 Thread 0x0000000147e0bd50 redefined class name=java.net.Socket$SocketOutputStream, count=1
Event: 0.595 Thread 0x0000000147e0bd50 redefined class name=sun.nio.ch.SocketChannelImpl, count=1
Event: 0.596 Thread 0x0000000147e0bd50 redefined class name=java.lang.Throwable, count=1
Event: 0.596 Thread 0x0000000147e0bd50 redefined class name=java.lang.Error, count=2

Internal exceptions (20 events):
Event: 0.131 Thread 0x000000014880bc10 Exception <a 'java/lang/NoSuchMethodError'{0x000000070ffbec70}: 'java.lang.Object java.lang.invoke.DirectMethodHandle$Holder.invokeStaticInit(java.lang.Object, java.lang.Object, java.lang.Object)'> (0x000000070ffbec70) 
thrown [../../src/hotspot/share/interpreter/linkResolver.cpp, line 759]
Event: 0.172 Thread 0x000000014880bc10 Exception <a 'java/lang/NoSuchMethodError'{0x000000070fc0ba98}: 'void java.lang.invoke.DirectMethodHandle$Holder.invokeSpecial(java.lang.Object, java.lang.Object, java.lang.Object)'> (0x000000070fc0ba98) 
thrown [../../src/hotspot/share/interpreter/linkResolver.cpp, line 759]
Event: 0.197 Thread 0x000000014880bc10 Exception <a 'java/lang/ArrayIndexOutOfBoundsException'{0x000000070fc7ec88}: Index 128 out of bounds for length 128> (0x000000070fc7ec88) 
thrown [../../src/hotspot/share/interpreter/interpreterRuntime.cpp, line 431]
Event: 0.197 Thread 0x000000014880bc10 Implicit null exception at 0x00000001138c0798 to 0x00000001138c08e0
Event: 0.212 Thread 0x000000014880bc10 Exception <a 'java/lang/ArrayIndexOutOfBoundsException'{0x000000070fd0d170}> (0x000000070fd0d170) 
thrown [../../src/hotspot/share/runtime/sharedRuntime.cpp, line 625]
Event: 0.257 Thread 0x000000014880bc10 Exception <a 'java/lang/NoSuchMethodError'{0x000000070fa8d890}: 'java.lang.Object java.lang.invoke.DirectMethodHandle$Holder.invokeStatic(java.lang.Object, int, java.lang.Object)'> (0x000000070fa8d890) 
thrown [../../src/hotspot/share/interpreter/linkResolver.cpp, line 759]
Event: 0.260 Thread 0x000000014880bc10 Exception <a 'java/lang/NoSuchMethodError'{0x000000070fa984f8}: 'void java.lang.invoke.DirectMethodHandle$Holder.invokeStatic(java.lang.Object, java.lang.Object)'> (0x000000070fa984f8) 
thrown [../../src/hotspot/share/interpreter/linkResolver.cpp, line 759]
Event: 0.266 Thread 0x000000014880bc10 Exception <a 'java/lang/NoSuchMethodError'{0x000000070faa4040}: 'void java.lang.invoke.DirectMethodHandle$Holder.invokeStatic(java.lang.Object, java.lang.Object, java.lang.Object)'> (0x000000070faa4040) 
thrown [../../src/hotspot/share/interpreter/linkResolver.cpp, line 759]
Event: 0.319 Thread 0x000000014880bc10 Exception <a 'java/lang/NoSuchMethodError'{0x000000070f835800}: 'void java.lang.invoke.DirectMethodHandle$Holder.invokeStaticInit(java.lang.Object)'> (0x000000070f835800) 
thrown [../../src/hotspot/share/interpreter/linkResolver.cpp, line 759]
Event: 0.351 Thread 0x000000014880bc10 Exception <a 'java/lang/NoSuchMethodError'{0x000000070f883ea8}: 'java.lang.Object java.lang.invoke.DirectMethodHandle$Holder.newInvokeSpecial(java.lang.Object, java.lang.Object, java.lang.Object, java.lang.Object, java.lang.Object)'> (0x000000070f883ea8) 
thrown [../../src/hotspot/share/interpreter/linkResolver.cpp, line 759]
Event: 0.388 Thread 0x000000014880bc10 Exception <a 'java/lang/NoSuchMethodError'{0x000000070f9cb390}: 'long java.lang.invoke.DirectMethodHandle$Holder.invokeVirtual(java.lang.Object, java.lang.Object)'> (0x000000070f9cb390) 
thrown [../../src/hotspot/share/interpreter/linkResolver.cpp, line 759]
Event: 0.390 Thread 0x000000014880bc10 Exception <a 'java/lang/NoSuchMethodError'{0x000000070f9d5778}: 'java.lang.Object java.lang.invoke.Invokers$Holder.invokeExact_MT(java.lang.Object, java.lang.Object, java.lang.Object, java.lang.Object, java.lang.Object, java.lang.Object)'> (0x000000070f9d5778) 
thrown [../../src/hotspot/share/interpreter/linkResolver.cpp, line 759]
Event: 0.436 Thread 0x000000014880bc10 Exception <a 'java/lang/NoSuchMethodError'{0x000000070f7f8a98}: 'int java.lang.invoke.DirectMethodHandle$Holder.invokeSpecial(java.lang.Object, java.lang.Object, java.lang.Object)'> (0x000000070f7f8a98) 
thrown [../../src/hotspot/share/interpreter/linkResolver.cpp, line 759]
Event: 0.443 Thread 0x000000014880bc10 Exception <a 'java/lang/NoSuchMethodError'{0x000000070f412c00}: 'int java.lang.invoke.DirectMethodHandle$Holder.invokeSpecial(java.lang.Object, java.lang.Object, java.lang.Object, int)'> (0x000000070f412c00) 
thrown [../../src/hotspot/share/interpreter/linkResolver.cpp, line 759]
Event: 0.446 Thread 0x000000014880bc10 Exception <a 'java/lang/NoSuchMethodError'{0x000000070f425078}: 'java.lang.Object java.lang.invoke.DirectMethodHandle$Holder.invokeStatic(java.lang.Object, java.lang.Object, java.lang.Object, java.lang.Object, int)'> (0x000000070f425078) 
thrown [../../src/hotspot/share/interpreter/linkResolver.cpp, line 759]
Event: 0.447 Thread 0x000000014880bc10 Exception <a 'java/lang/NoSuchMethodError'{0x000000070f42d118}: 'java.lang.Object java.lang.invoke.DirectMethodHandle$Holder.invokeSpecial(java.lang.Object, java.lang.Object, int, java.lang.Object, java.lang.Object)'> (0x000000070f42d118) 
thrown [../../src/hotspot/share/interpreter/linkResolver.cpp, line 759]
Event: 0.448 Thread 0x000000014880bc10 Exception <a 'java/lang/NoSuchMethodError'{0x000000070f430da0}: 'java.lang.Object java.lang.invoke.DelegatingMethodHandle$Holder.reinvoke_L(java.lang.Object, int, java.lang.Object, java.lang.Object)'> (0x000000070f430da0) 
thrown [../../src/hotspot/share/interpreter/linkResolver.cpp, line 759]
Event: 0.451 Thread 0x000000014880bc10 Exception <a 'java/lang/NoSuchMethodError'{0x000000070f440e28}: 'java.lang.Object java.lang.invoke.Invokers$Holder.invokeExact_MT(java.lang.Object, java.lang.Object, java.lang.Object, java.lang.Object, java.lang.Object)'> (0x000000070f440e28) 
thrown [../../src/hotspot/share/interpreter/linkResolver.cpp, line 759]
Event: 0.611 Thread 0x000000014880bc10 Exception <a 'java/lang/NoSuchMethodError'{0x000000070ef8fb90}: 'void java.lang.invoke.DirectMethodHandle$Holder.invokeStatic(java.lang.Object, java.lang.Object, int)'> (0x000000070ef8fb90) 
thrown [../../src/hotspot/share/interpreter/linkResolver.cpp, line 759]
Event: 0.612 Thread 0x000000014880bc10 Exception <a 'java/lang/NoSuchMethodError'{0x000000070ef95ad8}: 'java.lang.Object java.lang.invoke.DirectMethodHandle$Holder.newInvokeSpecial(java.lang.Object, java.lang.Object, int)'> (0x000000070ef95ad8) 
thrown [../../src/hotspot/share/interpreter/linkResolver.cpp, line 759]

VM Operations (14 events):
Event: 0.440 Executing VM operation: ICBufferFull
Event: 0.440 Executing VM operation: ICBufferFull done
Event: 0.499 Executing VM operation: HandshakeAllThreads
Event: 0.499 Executing VM operation: HandshakeAllThreads done
Event: 0.595 Executing VM operation: RedefineClasses
Event: 0.608 Executing VM operation: RedefineClasses done
Event: 0.608 Executing VM operation: HandshakeAllThreads
Event: 0.608 Executing VM operation: HandshakeAllThreads done
Event: 0.625 Executing VM operation: HandshakeAllThreads
Event: 0.625 Executing VM operation: HandshakeAllThreads done
Event: 0.702 Executing VM operation: JFRCheckpoint
Event: 0.702 Executing VM operation: JFRCheckpoint done
Event: 0.710 Executing VM operation: JFROldObject
Event: 0.710 Executing VM operation: JFROldObject done

Events (20 events):
Event: 0.078 Thread 0x0000000148057610 Thread added: 0x0000000148057610
Event: 0.078 Protecting memory [0x0000000171098000,0x00000001710a4000] with protection modes 0
Event: 0.078 Thread 0x0000000148058210 Thread added: 0x0000000148058210
Event: 0.078 Protecting memory [0x00000001712a4000,0x00000001712b0000] with protection modes 0
Event: 0.078 Thread 0x0000000148058e10 Thread added: 0x0000000148058e10
Event: 0.078 Protecting memory [0x00000001714b0000,0x00000001714bc000] with protection modes 0
Event: 0.078 Thread 0x000000014805ac10 Thread added: 0x000000014805ac10
Event: 0.078 Protecting memory [0x00000001716bc000,0x00000001716c8000] with protection modes 0
Event: 0.078 Thread 0x000000014805ba10 Thread added: 0x000000014805ba10
Event: 0.078 Protecting memory [0x00000001718c8000,0x00000001718d4000] with protection modes 0
Event: 0.110 Thread 0x0000000148065210 Thread added: 0x0000000148065210
Event: 0.110 Protecting memory [0x0000000171ad4000,0x0000000171ae0000] with protection modes 0
Event: 0.144 Loaded shared library /Users/I560383/code/tests/current_jdk/build/macosx-aarch64-server-fastdebug/images/jdk/lib/libnio.dylib
Event: 0.157 Loaded shared library /Users/I560383/code/tests/current_jdk/build/macosx-aarch64-server-fastdebug/images/jdk/lib/libjimage.dylib
Event: 0.180 Loaded shared library /Users/I560383/code/tests/current_jdk/build/macosx-aarch64-server-fastdebug/images/jdk/lib/libnet.dylib
Event: 0.243 Loaded shared library /Users/I560383/code/tests/current_jdk/build/macosx-aarch64-server-fastdebug/images/jdk/lib/libzip.dylib
Event: 0.267 Thread 0x0000000148880010 Thread added: 0x0000000148880010
Event: 0.267 Protecting memory [0x0000000171ce0000,0x0000000171cec000] with protection modes 0
Event: 0.613 Thread 0x000000014480b410 Thread added: 0x000000014480b410
Event: 0.613 Protecting memory [0x0000000171eec000,0x0000000171ef8000] with protection modes 0


Dynamic libraries:
0x00000001004b0000 	/Users/I560383/code/tests/current_jdk/build/macosx-aarch64-server-fastdebug/images/jdk/lib/libjli.dylib
0x0000000191590000 	/usr/lib/libz.1.dylib
0x0000000191647000 	/usr/lib/libSystem.B.dylib
0x0000000191641000 	/usr/lib/system/libcache.dylib
0x00000001915ff000 	/usr/lib/system/libcommonCrypto.dylib
0x0000000191628000 	/usr/lib/system/libcompiler_rt.dylib
0x000000019161f000 	/usr/lib/system/libcopyfile.dylib
0x0000000186887000 	/usr/lib/system/libcorecrypto.dylib
0x000000018693a000 	/usr/lib/system/libdispatch.dylib
0x0000000186b08000 	/usr/lib/system/libdyld.dylib
0x0000000191637000 	/usr/lib/system/libkeymgr.dylib
0x00000001915da000 	/usr/lib/system/libmacho.dylib
0x0000000190ccf000 	/usr/lib/system/libquarantine.dylib
0x0000000191634000 	/usr/lib/system/libremovefile.dylib
0x000000018bc70000 	/usr/lib/system/libsystem_asl.dylib
0x0000000186829000 	/usr/lib/system/libsystem_blocks.dylib
0x00000001869c2000 	/usr/lib/system/libsystem_c.dylib
0x000000019162c000 	/usr/lib/system/libsystem_collections.dylib
0x000000019015d000 	/usr/lib/system/libsystem_configuration.dylib
0x000000018f3b9000 	/usr/lib/system/libsystem_containermanager.dylib
0x000000019133c000 	/usr/lib/system/libsystem_coreservices.dylib
0x0000000189230000 	/usr/lib/system/libsystem_darwin.dylib
0x0000000191638000 	/usr/lib/system/libsystem_dnssd.dylib
0x00000001869bf000 	/usr/lib/system/libsystem_featureflags.dylib
0x0000000186b1d000 	/usr/lib/system/libsystem_info.dylib
0x00000001915a2000 	/usr/lib/system/libsystem_m.dylib
0x000000018690f000 	/usr/lib/system/libsystem_malloc.dylib
0x000000018bbff000 	/usr/lib/system/libsystem_networkextension.dylib
0x0000000189689000 	/usr/lib/system/libsystem_notify.dylib
0x0000000197985000 	/usr/lib/system/libsystem_product_info_filter.dylib
0x0000000190162000 	/usr/lib/system/libsystem_sandbox.dylib
0x0000000191631000 	/usr/lib/system/libsystem_secinit.dylib
0x0000000186ac3000 	/usr/lib/system/libsystem_kernel.dylib
0x0000000186b15000 	/usr/lib/system/libsystem_platform.dylib
0x0000000186afb000 	/usr/lib/system/libsystem_pthread.dylib
0x000000018d3c8000 	/usr/lib/system/libsystem_symptoms.dylib
0x000000018686d000 	/usr/lib/system/libsystem_trace.dylib
0x000000019160c000 	/usr/lib/system/libunwind.dylib
0x000000018682b000 	/usr/lib/system/libxpc.dylib
0x0000000186aab000 	/usr/lib/libc++abi.dylib
0x0000000186981000 	/usr/lib/libobjc.A.dylib
0x0000000191617000 	/usr/lib/liboah.dylib
0x0000000186a44000 	/usr/lib/libc++.1.dylib
0x000000019d49e000 	/System/Library/Frameworks/Cocoa.framework/Versions/A/Cocoa
0x00000001896ea000 	/System/Library/Frameworks/AppKit.framework/Versions/C/AppKit
0x000000018cbf0000 	/System/Library/Frameworks/CoreData.framework/Versions/A/CoreData
0x0000000187a45000 	/System/Library/Frameworks/Foundation.framework/Versions/C/Foundation
0x000000018a5a2000 	/System/Library/PrivateFrameworks/UIFoundation.framework/Versions/A/UIFoundation
0x000000019767f000 	/System/Library/PrivateFrameworks/RemoteViewServices.framework/Versions/A/RemoteViewServices
0x000000018fb05000 	/System/Library/PrivateFrameworks/XCTTargetBootstrap.framework/Versions/A/XCTTargetBootstrap
0x0000000193383000 	/System/Library/PrivateFrameworks/InternationalSupport.framework/Versions/A/InternationalSupport
0x000000019340c000 	/System/Library/PrivateFrameworks/UserActivity.framework/Versions/A/UserActivity
0x000000019287e000 	/usr/lib/libspindump.dylib
0x000000018a813000 	/System/Library/Frameworks/UniformTypeIdentifiers.framework/Versions/A/UniformTypeIdentifiers
0x000000018e050000 	/usr/lib/libapp_launch_measurement.dylib
0x000000018d57a000 	/System/Library/PrivateFrameworks/CoreAnalytics.framework/Versions/A/CoreAnalytics
0x000000018e053000 	/System/Library/PrivateFrameworks/CoreAutoLayout.framework/Versions/A/CoreAutoLayout
0x000000018f3f6000 	/System/Library/Frameworks/Metal.framework/Versions/A/Metal
0x000000019016d000 	/usr/lib/liblangid.dylib
0x000000018fb0a000 	/System/Library/PrivateFrameworks/CoreSVG.framework/Versions/A/CoreSVG
0x000000018bca4000 	/System/Library/PrivateFrameworks/SkyLight.framework/Versions/A/SkyLight
0x000000018c079000 	/System/Library/Frameworks/CoreGraphics.framework/Versions/A/CoreGraphics
0x0000000197d4b000 	/System/Library/Frameworks/Accelerate.framework/Versions/A/Accelerate
0x00000001922f5000 	/System/Library/PrivateFrameworks/IconServices.framework/Versions/A/IconServices
0x000000018f3d8000 	/System/Library/Frameworks/IOSurface.framework/Versions/A/IOSurface
0x000000018d5ab000 	/usr/lib/libDiagnosticMessagesClient.dylib
0x000000019b24c000 	/System/Library/Frameworks/ApplicationServices.framework/Versions/A/ApplicationServices
0x000000018faed000 	/System/Library/PrivateFrameworks/DFRFoundation.framework/Versions/A/DFRFoundation
0x0000000188f7a000 	/usr/lib/libicucore.A.dylib
0x000000019422f000 	/System/Library/Frameworks/AudioToolbox.framework/Versions/A/AudioToolbox
0x000000019338f000 	/System/Library/PrivateFrameworks/DataDetectorsCore.framework/Versions/A/DataDetectorsCore
0x00000001a9ccf000 	/System/Library/PrivateFrameworks/TextInput.framework/Versions/A/TextInput
0x000000018bc19000 	/usr/lib/libMobileGestalt.dylib
0x000000018f7b9000 	/System/Library/Frameworks/Carbon.framework/Versions/A/Frameworks/HIToolbox.framework/Versions/A/HIToolbox
0x000000018da2c000 	/System/Library/Frameworks/QuartzCore.framework/Versions/A/QuartzCore
0x0000000188bfd000 	/System/Library/Frameworks/Security.framework/Versions/A/Security
0x00000001976bf000 	/System/Library/Frameworks/Carbon.framework/Versions/A/Frameworks/SpeechRecognition.framework/Versions/A/SpeechRecognition
0x000000018dda6000 	/System/Library/PrivateFrameworks/CoreUI.framework/Versions/A/CoreUI
0x00000001884da000 	/System/Library/Frameworks/CoreAudio.framework/Versions/A/CoreAudio
0x000000018d6a0000 	/System/Library/Frameworks/DiskArbitration.framework/Versions/A/DiskArbitration
0x0000000192c88000 	/System/Library/PrivateFrameworks/MultitouchSupport.framework/Versions/A/MultitouchSupport
0x000000018bc17000 	/usr/lib/libenergytrace.dylib
0x00000001895b2000 	/System/Library/Frameworks/IOKit.framework/Versions/A/IOKit
0x0000000197aae000 	/System/Library/Frameworks/CoreServices.framework/Versions/A/CoreServices
0x000000018dfe0000 	/System/Library/PrivateFrameworks/PerformanceAnalysis.framework/Versions/A/PerformanceAnalysis
0x00000001e7fb7000 	/System/Library/Frameworks/OpenGL.framework/Versions/A/OpenGL
0x0000000190be7000 	/System/Library/PrivateFrameworks/MobileKeyBag.framework/Versions/A/MobileKeyBag
0x000000018c686000 	/System/Library/Frameworks/ColorSync.framework/Versions/A/ColorSync
0x0000000186b4a000 	/System/Library/Frameworks/CoreFoundation.framework/Versions/A/CoreFoundation
0x000000018fd89000 	/System/Library/Frameworks/CoreImage.framework/Versions/A/CoreImage
0x00000001882fe000 	/System/Library/Frameworks/CoreText.framework/Versions/A/CoreText
0x000000018fb3a000 	/System/Library/Frameworks/ImageIO.framework/Versions/A/ImageIO
0x000000019164d000 	/System/Library/PrivateFrameworks/SoftLinking.framework/Versions/A/SoftLinking
0x000000018e09e000 	/usr/lib/libxml2.2.dylib
0x00000001918e6000 	/usr/lib/libcompression.dylib
0x00000001932df000 	/System/Library/PrivateFrameworks/TextureIO.framework/Versions/A/TextureIO
0x000000019200e000 	/usr/lib/libate.dylib
0x0000000191ed3000 	/usr/lib/liblzma.5.dylib
0x0000000187739000 	/System/Library/Frameworks/SystemConfiguration.framework/Versions/A/SystemConfiguration
0x0000000191649000 	/usr/lib/libfakelink.dylib
0x000000018b74b000 	/System/Library/Frameworks/CFNetwork.framework/Versions/A/CFNetwork
0x000000019178f000 	/usr/lib/libarchive.2.dylib
0x0000000190169000 	/System/Library/PrivateFrameworks/AppleSystemInfo.framework/Versions/A/AppleSystemInfo
0x0000000190cfa000 	/usr/lib/libbsm.0.dylib
0x000000018acbc000 	/usr/lib/libnetwork.dylib
0x00000001915e3000 	/usr/lib/system/libkxld.dylib
0x000000019090d000 	/System/Library/PrivateFrameworks/IOMobileFramebuffer.framework/Versions/A/IOMobileFramebuffer
0x00000002058e3000 	/usr/lib/libCoreEntitlements.dylib
0x000000019131e000 	/System/Library/PrivateFrameworks/AppleFSCompression.framework/Versions/A/AppleFSCompression
0x0000000190ce2000 	/usr/lib/libcoretls.dylib
0x0000000191eec000 	/usr/lib/libcoretls_cfhelpers.dylib
0x00000001918e1000 	/usr/lib/libpam.2.dylib
0x000000018cfdf000 	/usr/lib/libsqlite3.dylib
0x0000000191f55000 	/usr/lib/libxar.1.dylib
0x000000019132f000 	/usr/lib/libbz2.1.0.dylib
0x000000019164e000 	/usr/lib/libpcap.A.dylib
0x000000018d3bf000 	/usr/lib/libdns_services.dylib
0x00000001918b4000 	/usr/lib/libapple_nghttp2.dylib
0x000000019168b000 	/usr/lib/libiconv.2.dylib
0x00000001915d9000 	/usr/lib/libcharset.1.dylib
0x000000018e01c000 	/System/Library/Frameworks/CoreServices.framework/Versions/A/Frameworks/FSEvents.framework/Versions/A/FSEvents
0x000000018923b000 	/System/Library/Frameworks/CoreServices.framework/Versions/A/Frameworks/CarbonCore.framework/Versions/A/CarbonCore
0x000000018d600000 	/System/Library/Frameworks/CoreServices.framework/Versions/A/Frameworks/Metadata.framework/Versions/A/Metadata
0x0000000191342000 	/System/Library/Frameworks/CoreServices.framework/Versions/A/Frameworks/OSServices.framework/Versions/A/OSServices
0x0000000191815000 	/System/Library/Frameworks/CoreServices.framework/Versions/A/Frameworks/SearchKit.framework/Versions/A/SearchKit
0x000000018d34e000 	/System/Library/Frameworks/CoreServices.framework/Versions/A/Frameworks/AE.framework/Versions/A/AE
0x0000000187090000 	/System/Library/Frameworks/CoreServices.framework/Versions/A/Frameworks/LaunchServices.framework/Versions/A/LaunchServices
0x0000000191e7c000 	/System/Library/Frameworks/CoreServices.framework/Versions/A/Frameworks/DictionaryServices.framework/Versions/A/DictionaryServices
0x000000018e029000 	/System/Library/Frameworks/CoreServices.framework/Versions/A/Frameworks/SharedFileList.framework/Versions/A/SharedFileList
0x0000000190cd2000 	/usr/lib/libCheckFix.dylib
0x000000018bc88000 	/System/Library/PrivateFrameworks/TCC.framework/Versions/A/TCC
0x000000019016f000 	/System/Library/PrivateFrameworks/CoreNLP.framework/Versions/A/CoreNLP
0x000000018d5ae000 	/System/Library/PrivateFrameworks/MetadataUtilities.framework/Versions/A/MetadataUtilities
0x00000001877f2000 	/usr/lib/libmecabra.dylib
0x0000000190d0b000 	/usr/lib/libmecab.dylib
0x00000001877be000 	/usr/lib/libCRFSuite.dylib
0x0000000190d68000 	/usr/lib/libgermantok.dylib
0x000000019188d000 	/usr/lib/libThaiTokenizer.dylib
0x000000018d6a8000 	/System/Library/Frameworks/Accelerate.framework/Versions/A/Frameworks/vImage.framework/Versions/A/vImage
0x0000000197a85000 	/System/Library/Frameworks/Accelerate.framework/Versions/A/Frameworks/vecLib.framework/Versions/A/vecLib
0x0000000191f9a000 	/System/Library/Frameworks/Accelerate.framework/Versions/A/Frameworks/vecLib.framework/Versions/A/libvMisc.dylib
0x0000000190814000 	/System/Library/Frameworks/Accelerate.framework/Versions/A/Frameworks/vecLib.framework/Versions/A/libvDSP.dylib
0x0000000187419000 	/System/Library/Frameworks/Accelerate.framework/Versions/A/Frameworks/vecLib.framework/Versions/A/libBLAS.dylib
0x00000001919b7000 	/System/Library/Frameworks/Accelerate.framework/Versions/A/Frameworks/vecLib.framework/Versions/A/libLAPACK.dylib
0x0000000190d6b000 	/System/Library/Frameworks/Accelerate.framework/Versions/A/Frameworks/vecLib.framework/Versions/A/libLinearAlgebra.dylib
0x00000001918cc000 	/System/Library/Frameworks/Accelerate.framework/Versions/A/Frameworks/vecLib.framework/Versions/A/libSparseBLAS.dylib
0x00000001919b2000 	/System/Library/Frameworks/Accelerate.framework/Versions/A/Frameworks/vecLib.framework/Versions/A/libQuadrature.dylib
0x0000000190268000 	/System/Library/Frameworks/Accelerate.framework/Versions/A/Frameworks/vecLib.framework/Versions/A/libBNNS.dylib
0x00000001876d7000 	/System/Library/Frameworks/Accelerate.framework/Versions/A/Frameworks/vecLib.framework/Versions/A/libSparse.dylib
0x0000000190260000 	/System/Library/PrivateFrameworks/LinguisticData.framework/Versions/A/LinguisticData
0x000000018768f000 	/System/Library/PrivateFrameworks/Lexicon.framework/Versions/A/Lexicon
0x0000000191f92000 	/usr/lib/libChineseTokenizer.dylib
0x0000000187e36000 	/System/Library/PrivateFrameworks/LanguageModeling.framework/Versions/A/LanguageModeling
0x000000019188f000 	/System/Library/PrivateFrameworks/AppleSauce.framework/Versions/A/AppleSauce
0x00000001908fa000 	/System/Library/PrivateFrameworks/CoreEmoji.framework/Versions/A/CoreEmoji
0x000000019177d000 	/usr/lib/libcmph.dylib
0x000000018dffc000 	/System/Library/Frameworks/OpenDirectory.framework/Versions/A/Frameworks/CFOpenDirectory.framework/Versions/A/CFOpenDirectory
0x000000018dfec000 	/System/Library/Frameworks/OpenDirectory.framework/Versions/A/OpenDirectory
0x0000000191eee000 	/System/Library/PrivateFrameworks/APFS.framework/Versions/A/APFS
0x0000000190c22000 	/System/Library/Frameworks/SecurityFoundation.framework/Versions/A/SecurityFoundation
0x0000000191f64000 	/usr/lib/libutil.dylib
0x0000000189574000 	/System/Library/PrivateFrameworks/CoreServicesStore.framework/Versions/A/CoreServicesStore
0x0000000191f68000 	/usr/lib/libxslt.1.dylib
0x0000000190cb6000 	/System/Library/PrivateFrameworks/BackgroundTaskManagement.framework/Versions/A/BackgroundTaskManagement
0x0000000193200000 	/System/Library/Frameworks/ImageIO.framework/Versions/A/Resources/libRadiance.dylib
0x0000000193209000 	/System/Library/Frameworks/ImageIO.framework/Versions/A/Resources/libJPEG.dylib
0x000000019315c000 	/System/Library/Frameworks/ImageIO.framework/Versions/A/Resources/libPng.dylib
0x000000019317e000 	/System/Library/Frameworks/ImageIO.framework/Versions/A/Resources/libTIFF.dylib
0x0000000193264000 	/System/Library/Frameworks/ImageIO.framework/Versions/A/Resources/libGIF.dylib
0x0000000192b98000 	/System/Library/Frameworks/ImageIO.framework/Versions/A/Resources/libJP2.dylib
0x00000001922ba000 	/usr/lib/libexpat.1.dylib
0x0000000192b53000 	/System/Library/PrivateFrameworks/AppleJPEG.framework/Versions/A/AppleJPEG
0x000000018f675000 	/System/Library/PrivateFrameworks/FontServices.framework/libFontParser.dylib
0x000000018d2f3000 	/System/Library/PrivateFrameworks/RunningBoardServices.framework/Versions/A/RunningBoardServices
0x000000019db71000 	/System/Library/PrivateFrameworks/IOSurfaceAccelerator.framework/Versions/A/IOSurfaceAccelerator
0x0000000192c84000 	/System/Library/PrivateFrameworks/WatchdogClient.framework/Versions/A/WatchdogClient
0x0000000187f3a000 	/System/Library/Frameworks/CoreDisplay.framework/Versions/A/CoreDisplay
0x000000018f55f000 	/System/Library/Frameworks/CoreMedia.framework/Versions/A/CoreMedia
0x000000018f3ec000 	/System/Library/PrivateFrameworks/IOAccelerator.framework/Versions/A/IOAccelerator
0x000000018e18c000 	/System/Library/Frameworks/CoreVideo.framework/Versions/A/CoreVideo
0x00000001918df000 	/System/Library/Frameworks/MetalPerformanceShaders.framework/Versions/A/MetalPerformanceShaders
0x0000000192cc3000 	/System/Library/Frameworks/VideoToolbox.framework/Versions/A/VideoToolbox
0x000000018d237000 	/System/Library/PrivateFrameworks/BaseBoard.framework/Versions/A/BaseBoard
0x000000018cfc5000 	/System/Library/PrivateFrameworks/ProtocolBuffer.framework/Versions/A/ProtocolBuffer
0x00000001931fb000 	/System/Library/PrivateFrameworks/GPUWrangler.framework/Versions/A/GPUWrangler
0x00000001931db000 	/System/Library/PrivateFrameworks/IOPresentment.framework/Versions/A/IOPresentment
0x0000000193203000 	/System/Library/PrivateFrameworks/DSExternalDisplay.framework/Versions/A/DSExternalDisplay
0x00000001e7faa000 	/System/Library/Frameworks/OpenGL.framework/Versions/A/Libraries/libCoreFSCache.dylib
0x00000001f2469000 	/System/Library/PrivateFrameworks/GPUCompiler.framework/Versions/31001/Libraries/libGPUCompilerUtils.dylib
0x0000000193269000 	/System/Library/PrivateFrameworks/CMCaptureCore.framework/Versions/A/CMCaptureCore
0x000000019286b000 	/System/Library/PrivateFrameworks/AppServerSupport.framework/Versions/A/AppServerSupport
0x0000000194aec000 	/System/Library/PrivateFrameworks/perfdata.framework/Versions/A/perfdata
0x000000018805a000 	/System/Library/PrivateFrameworks/AudioToolboxCore.framework/Versions/A/AudioToolboxCore
0x000000018f538000 	/System/Library/PrivateFrameworks/caulk.framework/Versions/A/caulk
0x00000001943e1000 	/usr/lib/libAudioStatistics.dylib
0x00000001a6336000 	/System/Library/PrivateFrameworks/SystemPolicy.framework/Versions/A/SystemPolicy
0x000000019464d000 	/usr/lib/libSMC.dylib
0x000000019d380000 	/System/Library/Frameworks/CoreMIDI.framework/Versions/A/CoreMIDI
0x000000019312a000 	/usr/lib/libAudioToolboxUtility.dylib
0x00000001a2403000 	/System/Library/PrivateFrameworks/OSAServicesClient.framework/Versions/A/OSAServicesClient
0x0000000194af9000 	/usr/lib/libperfcheck.dylib
0x00000001a6e4e000 	/usr/lib/libmis.dylib
0x00000001e800c000 	/System/Library/Frameworks/OpenGL.framework/Versions/A/Libraries/libGLU.dylib
0x00000001e7fcb000 	/System/Library/Frameworks/OpenGL.framework/Versions/A/Libraries/libGFXShared.dylib
0x00000001e81b8000 	/System/Library/Frameworks/OpenGL.framework/Versions/A/Libraries/libGL.dylib
0x00000001e7fd4000 	/System/Library/Frameworks/OpenGL.framework/Versions/A/Libraries/libGLImage.dylib
0x00000001e7fc8000 	/System/Library/Frameworks/OpenGL.framework/Versions/A/Libraries/libCVMSPluginSupport.dylib
0x00000001e7fb1000 	/System/Library/Frameworks/OpenGL.framework/Versions/A/Libraries/libCoreVMClient.dylib
0x00000001900e9000 	/System/Library/Frameworks/MetalPerformanceShaders.framework/Versions/A/Frameworks/MPSCore.framework/Versions/A/MPSCore
0x0000000191291000 	/System/Library/Frameworks/MetalPerformanceShaders.framework/Versions/A/Frameworks/MPSImage.framework/Versions/A/MPSImage
0x0000000190d80000 	/System/Library/Frameworks/MetalPerformanceShaders.framework/Versions/A/Frameworks/MPSNeuralNetwork.framework/Versions/A/MPSNeuralNetwork
0x00000001911b9000 	/System/Library/Frameworks/MetalPerformanceShaders.framework/Versions/A/Frameworks/MPSMatrix.framework/Versions/A/MPSMatrix
0x0000000190f92000 	/System/Library/Frameworks/MetalPerformanceShaders.framework/Versions/A/Frameworks/MPSRayIntersector.framework/Versions/A/MPSRayIntersector
0x00000001911ea000 	/System/Library/Frameworks/MetalPerformanceShaders.framework/Versions/A/Frameworks/MPSNDArray.framework/Versions/A/MPSNDArray
0x00000001ea123000 	/System/Library/Frameworks/MetalPerformanceShaders.framework/Versions/A/Frameworks/MPSFunctions.framework/Versions/A/MPSFunctions
0x00000001872f0000 	/System/Library/PrivateFrameworks/MetalTools.framework/Versions/A/MetalTools
0x0000000190167000 	/System/Library/PrivateFrameworks/AggregateDictionary.framework/Versions/A/AggregateDictionary
0x000000019209f000 	/usr/lib/libIOReport.dylib
0x000000019c39e000 	/System/Library/PrivateFrameworks/ASEProcessing.framework/Versions/A/ASEProcessing
0x0000000192414000 	/System/Library/PrivateFrameworks/FaceCore.framework/Versions/A/FaceCore
0x0000000192406000 	/System/Library/PrivateFrameworks/GraphVisualizer.framework/Versions/A/GraphVisualizer
0x00000001f2380000 	/System/Library/PrivateFrameworks/FontServices.framework/Versions/A/FontServices
0x0000000192827000 	/System/Library/PrivateFrameworks/OTSVG.framework/Versions/A/OTSVG
0x000000018dd56000 	/System/Library/Frameworks/ApplicationServices.framework/Versions/A/Frameworks/ATS.framework/Versions/A/Resources/libFontRegistry.dylib
0x0000000192874000 	/System/Library/PrivateFrameworks/FontServices.framework/libhvf.dylib
0x00000001f2381000 	/System/Library/PrivateFrameworks/FontServices.framework/libXTFontStaticRegistryData.dylib
0x00000001e8359000 	/System/Library/Frameworks/OpenCL.framework/Versions/A/OpenCL
0x000000019226e000 	/System/Library/PrivateFrameworks/AppleVA.framework/Versions/A/AppleVA
0x0000000194409000 	/System/Library/Frameworks/ApplicationServices.framework/Versions/A/Frameworks/ATS.framework/Versions/A/ATS
0x000000018c783000 	/System/Library/Frameworks/ApplicationServices.framework/Versions/A/Frameworks/HIServices.framework/Versions/A/HIServices
0x0000000193273000 	/System/Library/Frameworks/ApplicationServices.framework/Versions/A/Frameworks/PrintCore.framework/Versions/A/PrintCore
0x00000001947a0000 	/System/Library/Frameworks/ApplicationServices.framework/Versions/A/Frameworks/QD.framework/Versions/A/QD
0x0000000194798000 	/System/Library/Frameworks/ApplicationServices.framework/Versions/A/Frameworks/ColorSyncLegacy.framework/Versions/A/ColorSyncLegacy
0x00000001943f5000 	/System/Library/Frameworks/ApplicationServices.framework/Versions/A/Frameworks/SpeechSynthesis.framework/Versions/A/SpeechSynthesis
0x0000000193234000 	/System/Library/Frameworks/ApplicationServices.framework/Versions/A/Frameworks/ATSUI.framework/Versions/A/ATSUI
0x000000019472d000 	/usr/lib/libcups.2.dylib
0x0000000194b07000 	/System/Library/Frameworks/Kerberos.framework/Versions/A/Kerberos
0x0000000194b18000 	/System/Library/Frameworks/GSS.framework/Versions/A/GSS
0x0000000194479000 	/usr/lib/libresolv.9.dylib
0x0000000192883000 	/System/Library/PrivateFrameworks/Heimdal.framework/Versions/A/Heimdal
0x000000019b5d3000 	/System/Library/Frameworks/Kerberos.framework/Versions/A/Libraries/libHeimdalProxy.dylib
0x000000018d3d1000 	/System/Library/Frameworks/Network.framework/Versions/A/Network
0x00000001922d5000 	/usr/lib/libheimdal-asn1.dylib
0x0000000194b68000 	/System/Library/PrivateFrameworks/CommonAuth.framework/Versions/A/CommonAuth
0x000000019436f000 	/System/Library/PrivateFrameworks/AudioSession.framework/Versions/A/AudioSession
0x0000000192367000 	/System/Library/PrivateFrameworks/MediaExperience.framework/Versions/A/MediaExperience
0x00000001941f5000 	/System/Library/PrivateFrameworks/AudioSession.framework/libSessionUtility.dylib
0x00000001947ac000 	/System/Library/PrivateFrameworks/AudioResourceArbitration.framework/Versions/A/AudioResourceArbitration
0x0000000198962000 	/System/Library/PrivateFrameworks/PowerLog.framework/Versions/A/PowerLog
0x00000001922df000 	/System/Library/PrivateFrameworks/IconFoundation.framework/Versions/A/IconFoundation
0x00000001976ab000 	/System/Library/PrivateFrameworks/SpeechRecognitionCore.framework/Versions/A/SpeechRecognitionCore
0x0000000102190000 	/Users/I560383/code/tests/current_jdk/build/macosx-aarch64-server-fastdebug/images/jdk/lib/server/libjvm.dylib
0x0000000100514000 	/Users/I560383/code/tests/current_jdk/build/macosx-aarch64-server-fastdebug/images/jdk/lib/libjimage.dylib
0x0000000100598000 	/Users/I560383/code/tests/current_jdk/build/macosx-aarch64-server-fastdebug/images/jdk/lib/libjava.dylib
0x00000001020ec000 	/Users/I560383/code/tests/current_jdk/build/macosx-aarch64-server-fastdebug/images/jdk/lib/libnio.dylib
0x00000001005e0000 	/Users/I560383/code/tests/current_jdk/build/macosx-aarch64-server-fastdebug/images/jdk/lib/libnet.dylib
0x00000001005c8000 	/Users/I560383/code/tests/current_jdk/build/macosx-aarch64-server-fastdebug/images/jdk/lib/libzip.dylib


VM Arguments:
jvm_args: -XX:StartFlightRecording=filename=flight.jfr,jdk.ExecutionSample#period=9999999us --add-modules=ALL-DEFAULT 
java_command: jdk.compiler/com.sun.tools.javac.launcher.Main ../../async-profiler-sap/test/Target.java
java_class_path (initial): .
Launcher Type: SUN_STANDARD

[Global flags]
     intx CICompilerCount                          = 4                                         {product} {ergonomic}     Number of compiler threads to run
     uint ConcGCThreads                            = 2                                         {product} {ergonomic}     Number of threads concurrent gc will use
     bool FlightRecorder                           = true                                      {product} {management}    (Deprecated) Enable Flight Recorder
     uint G1ConcRefinementThreads                  = 8                                         {product} {ergonomic}     The number of parallel remembered set update threads. Will be set ergonomically by default.
   size_t G1HeapRegionSize                         = 2097152                                   {product} {ergonomic}     Size of the G1 regions.
    uintx GCDrainStackTargetSize                   = 64                                        {product} {ergonomic}     Number of entries we will try to leave on the stack during parallel gc
   size_t InitialHeapSize                          = 268435456                                 {product} {ergonomic}     Initial heap size (in bytes); zero means use ergonomics
   size_t MarkStackSize                            = 4194304                                   {product} {ergonomic}     Size of marking stack
   size_t MaxHeapSize                              = 4294967296                                {product} {ergonomic}     Maximum heap size (in bytes)
   size_t MaxNewSize                               = 2575302656                                {product} {ergonomic}     Maximum new generation size (in bytes), max_uintx means set ergonomically
   size_t MinHeapDeltaBytes                        = 2097152                                   {product} {ergonomic}     The minimum change in heap space due to GC (in bytes)
   size_t MinHeapSize                              = 8388608                                   {product} {ergonomic}     Minimum heap size (in bytes); zero means use ergonomics
    uintx NonNMethodCodeHeapSize                   = 5839564                                {pd product} {ergonomic}     Size of code heap with non-nmethods (in bytes)
    uintx NonProfiledCodeHeapSize                  = 122909338                              {pd product} {ergonomic}     Size of code heap with non-profiled methods (in bytes)
    uintx ProfiledCodeHeapSize                     = 122909338                              {pd product} {ergonomic}     Size of code heap with profiled methods (in bytes)
    uintx ReservedCodeCacheSize                    = 251658240                              {pd product} {ergonomic}     Reserved code cache size (in bytes) - maximum code cache size
     bool SegmentedCodeCache                       = true                                      {product} {ergonomic}     Use a segmented code cache
   size_t SoftMaxHeapSize                          = 4294967296                             {manageable} {ergonomic}     Soft limit for maximum heap size (in bytes)
    ccstr StartFlightRecording                     = filename=flight.jfr,jdk.ExecutionSample#period=9999999us            {product} {command line} Start flight recording with options
     bool UseCompressedClassPointers               = true                           {product lp64_product} {ergonomic}   Use 32-bit class pointers in 64-bit VM. lp64_product means flag is always constant in 32 bit VM
     bool UseCompressedOops                        = true                           {product lp64_product} {ergonomic}   Use 32-bit object references in 64-bit VM. lp64_product means flag is always constant in 32 bit VM
     bool UseG1GC                                  = true                                      {product} {ergonomic}     Use the Garbage-First garbage collector
     bool UseNUMA                                  = false                                     {product} {ergonomic}     Use NUMA if available
     bool UseNUMAInterleaving                      = false                                     {product} {ergonomic}     Interleave memory across NUMA nodes if available

Logging:
Log output configuration:
 #0: stdout all=warning uptime,level,tags foldmultilines=false (reconfigured)
 #1: stderr all=off uptime,level,tags foldmultilines=false

Environment Variables:
JAVA_HOME=/Users/I560383/.sdkman/candidates/java/current
PATH=/Users/I560383/.sdkman/candidates/jmc/current/bin:/Users/I560383/.sdkman/candidates/java/current/bin:/opt/homebrew/bin:/opt/homebrew/sbin:/usr/local/bin:/usr/bin:/bin:/usr/sbin:/sbin:/Library/Apple/usr/bin:/Applications/Privileges.app/Contents/Resources
SHELL=/bin/zsh
LANG=en_GB.UTF-8

Signal Handlers:
   SIGSEGV: crash_handler in libjvm.dylib, mask=11100110000111110111111111111111, flags=SA_RESTART|SA_SIGINFO
    SIGBUS: crash_handler in libjvm.dylib, mask=11100110000111110111111111111111, flags=SA_RESTART|SA_SIGINFO
    SIGFPE: crash_handler in libjvm.dylib, mask=11100110000111110111111111111111, flags=SA_RESTART|SA_SIGINFO
   SIGPIPE: javaSignalHandler in libjvm.dylib, mask=11100110000111110111111111111111, flags=SA_RESTART|SA_SIGINFO
   SIGXFSZ: javaSignalHandler in libjvm.dylib, mask=11100110000111110111111111111111, flags=SA_RESTART|SA_SIGINFO
    SIGILL: crash_handler in libjvm.dylib, mask=11100110000111110111111111111111, flags=SA_RESTART|SA_SIGINFO
   SIGUSR2: SR_handler in libjvm.dylib, mask=00000000000000000000000000000000, flags=SA_RESTART|SA_SIGINFO
    SIGHUP: UserHandler in libjvm.dylib, mask=11100110000111110111111111111111, flags=SA_RESTART|SA_SIGINFO
    SIGINT: UserHandler in libjvm.dylib, mask=11100110000111110111111111111111, flags=SA_RESTART|SA_SIGINFO
   SIGTERM: UserHandler in libjvm.dylib, mask=11100110000111110111111111111111, flags=SA_RESTART|SA_SIGINFO
   SIGQUIT: UserHandler in libjvm.dylib, mask=11100110000111110111111111111111, flags=SA_RESTART|SA_SIGINFO
   SIGTRAP: crash_handler in libjvm.dylib, mask=11100110000111110111111111111111, flags=SA_RESTART|SA_SIGINFO


Native Memory Tracking:

(Omitting categories weighting less than 1KB)

Total: reserved=5858572KB, committed=430524KB
       malloc: 53920KB #150402
       mmap:   reserved=5804652KB, committed=376604KB

-                 Java Heap (reserved=4194304KB, committed=266240KB)
                            (mmap: reserved=4194304KB, committed=266240KB) 
 
-                     Class (reserved=1048772KB, committed=644KB)
                            (classes #1619)
                            (  instance classes #1428, array classes #191)
                            (malloc=196KB #2301) 
                            (mmap: reserved=1048576KB, committed=448KB) 
                            (  Metadata:   )
                            (    reserved=65536KB, committed=3392KB)
                            (    used=3290KB)
                            (    waste=102KB =3.00%)
                            (  Class space:)
                            (    reserved=1048576KB, committed=448KB)
                            (    used=383KB)
                            (    waste=65KB =14.55%)
 
-                    Thread (reserved=43347KB, committed=43347KB)
                            (thread #21)
                            (stack: reserved=43260KB, committed=43260KB)
                            (malloc=33KB #129) 
                            (arena=55KB #40)
 
-                      Code (reserved=250404KB, committed=10292KB)
                            (malloc=2706KB #68607) 
                            (mmap: reserved=247696KB, committed=7584KB) 
                            (arena=2KB #2)
 
-                        GC (reserved=205977KB, committed=60233KB)
                            (malloc=17145KB #909) 
                            (mmap: reserved=188832KB, committed=43088KB) 
 
-                 GCCardSet (reserved=33KB, committed=33KB)
                            (malloc=33KB #393) 
 
-                  Compiler (reserved=12910KB, committed=12910KB)
                            (malloc=39KB #228) 
                            (arena=12871KB #6)
 
-                  Internal (reserved=1671KB, committed=1671KB)
                            (malloc=1639KB #62453) 
                            (mmap: reserved=32KB, committed=32KB) 
 
-                     Other (reserved=34KB, committed=34KB)
                            (malloc=34KB #2) 
 
-                    Symbol (reserved=1315KB, committed=1315KB)
                            (malloc=955KB #9418) 
                            (arena=360KB #1)
 
-    Native Memory Tracking (reserved=2357KB, committed=2357KB)
                            (malloc=7KB #65) 
                            (tracking overhead=2350KB)
 
-        Shared class space (reserved=16384KB, committed=12528KB)
                            (mmap: reserved=16384KB, committed=12528KB) 
 
-               Arena Chunk (reserved=442KB, committed=442KB)
                            (malloc=442KB) 
 
-                   Tracing (reserved=14589KB, committed=14589KB)
                            (malloc=14589KB #292) 
 
-                    Module (reserved=171KB, committed=171KB)
                            (malloc=171KB #1229) 
 
-                 Safepoint (reserved=32KB, committed=32KB)
                            (mmap: reserved=32KB, committed=32KB) 
 
-           Synchronization (reserved=264KB, committed=264KB)
                            (malloc=264KB #3867) 
 
-            Serviceability (reserved=17KB, committed=17KB)
                            (malloc=17KB #17) 
 
-                 Metaspace (reserved=65547KB, committed=3403KB)
                            (malloc=11KB #10) 
                            (mmap: reserved=65536KB, committed=3392KB) 
 
-      String Deduplication (reserved=1KB, committed=1KB)
                            (malloc=1KB #8) 
 
-           Object Monitors (reserved=1KB, committed=1KB)
                            (malloc=1KB #6) 
 
Preinit state:entries: 324 (primary: 322, empties: 7597), sum bytes: 12926, longest chain length: 2
pre-init mallocs: 335, pre-init reallocs: 1, pre-init frees: 11

---------------  S Y S T E M  ---------------

OS:
uname: Darwin FVFFN48SQ05N 21.4.0 Darwin Kernel Version 21.4.0: Mon Feb 21 20:36:53 PST 2022; root:xnu-8020.101.4~2/RELEASE_ARM64_T8101 arm64
OS uptime: 5 days 1:25 hours
rlimit (soft/hard): STACK 8176k/65520k , CORE 0k/infinity , NPROC 2666/4000 , NOFILE 10240/infinity , AS infinity/infinity , CPU infinity/infinity , DATA infinity/infinity , FSIZE infinity/infinity , MEMLOCK infinity/infinity , RSS infinity/infinity
load average: 8.23 23.45 27.63

CPU: total 8 (initial active 8) 0x61:0x0:0x1b588bb3:0, fp, simd, aes, pmull, crc, lse

Memory: 16k page, physical 16777216k(74816k free), swap 10485760k(1023488k free)

vm_info: OpenJDK 64-Bit Server VM (fastdebug 19-internal-adhoc.i560383.currentjdk) for bsd-aarch64 JRE (19-internal-adhoc.i560383.currentjdk), built on Apr 11 2022 18:21:16 by "i560383" with clang Apple LLVM 13.1.6 (clang-1316.0.21.2)

END.
